[0mCompiling "target/cljsbuild/public/js/app.js" from ["src/cljs" "src/cljc" "env/dev/cljs"]...[0m
[32mSuccessfully compiled "target/cljsbuild/public/js/app.js" in 0.711 seconds.[0m
notifying browser that file changed:  target/cljsbuild/public/js/out/goog/deps.js
notifying browser that file changed:  target/cljsbuild/public/js/out/cljs_deps.js
notifying browser that file changed:  target/cljsbuild/public/js/out/engless/core.js
[0mCompiling "target/cljsbuild/public/js/app.js" from ["src/cljs" "src/cljc" "env/dev/cljs"]...[0m
[32mSuccessfully compiled "target/cljsbuild/public/js/app.js" in 0.685 seconds.[0m
notifying browser that file changed:  target/cljsbuild/public/js/out/engless/core.js
[0mCompiling "target/cljsbuild/public/js/app.js" from ["src/cljs" "src/cljc" "env/dev/cljs"]...[0m
[32mSuccessfully compiled "target/cljsbuild/public/js/app.js" in 0.679 seconds.[0m
notifying browser that file changed:  target/cljsbuild/public/js/out/goog/deps.js
notifying browser that file changed:  target/cljsbuild/public/js/out/cljs_deps.js
notifying browser that file changed:  target/cljsbuild/public/js/out/engless/core.js
[0mCompiling "target/cljsbuild/public/js/app.js" from ["src/cljs" "src/cljc" "env/dev/cljs"]...[0m
[32mSuccessfully compiled "target/cljsbuild/public/js/app.js" in 0.698 seconds.[0m
notifying browser that file changed:  target/cljsbuild/public/js/out/engless/core.js
[0mCompiling "target/cljsbuild/public/js/app.js" from ["src/cljs" "src/cljc" "env/dev/cljs"]...[0m
[32mSuccessfully compiled "target/cljsbuild/public/js/app.js" in 0.638 seconds.[0m
notifying browser that file changed:  target/cljsbuild/public/js/out/engless/core.js
[0mCompiling "target/cljsbuild/public/js/app.js" from ["src/cljs" "src/cljc" "env/dev/cljs"]...[0m
[32mSuccessfully compiled "target/cljsbuild/public/js/app.js" in 0.554 seconds.[0m
notifying browser that file changed:  target/cljsbuild/public/js/out/engless/core.js
[0mCompiling "target/cljsbuild/public/js/app.js" from ["src/cljs" "src/cljc" "env/dev/cljs"]...[0m
[36m----  Compiler Warning on   src/cljs/engless/core.cljs   line:56  column:5  ----[0m

  [1mUse of undeclared Var engless.core/navbar[0m

  [36m52[0m  [36m  {:home #'home-page})[0m
  [36m53[0m  [36m[0m
  [36m54[0m  [36m(defn page [][0m
  [36m55[0m  [36m  [:div[0m
  [33m56[0m  [1m   [navbar][0m
  [0m  [0m  [33m    ^--- Use of undeclared Var engless.core/navbar[0m
  [36m57[0m  [36m   [(pages @(rf/subscribe [:page]))]])[0m
  [36m58[0m  [36m[0m
  [36m59[0m  [36m;; -------------------------[0m
  [36m60[0m  [36m;; Routes[0m
  [36m61[0m  [36m(secretary/set-config! :prefix "#")[0m

[36m----  Compiler Warning : Please see src/cljs/engless/core.cljs  ----[0m
[32mSuccessfully compiled "target/cljsbuild/public/js/app.js" in 0.658 seconds.[0m
notifying browser that file changed:  target/cljsbuild/public/js/out/engless/core.js
[0mCompiling "target/cljsbuild/public/js/app.js" from ["src/cljs" "src/cljc" "env/dev/cljs"]...[0m
[32mSuccessfully compiled "target/cljsbuild/public/js/app.js" in 0.602 seconds.[0m
notifying browser that file changed:  target/cljsbuild/public/js/out/engless/core.js
Notifying browser that CSS file changed: resources/public/css/screen.css
Notifying browser that CSS file changed: resources/public/css/screen.css
Notifying browser that CSS file changed: resources/public/css/screen.css
[0mCompiling "target/cljsbuild/public/js/app.js" from ["src/cljs" "src/cljc" "env/dev/cljs"]...[0m
[32mSuccessfully compiled "target/cljsbuild/public/js/app.js" in 0.555 seconds.[0m
notifying browser that file changed:  target/cljsbuild/public/js/out/engless/core.js
Notifying browser that CSS file changed: resources/public/css/screen.css
Notifying browser that CSS file changed: resources/public/css/screen.css
[0mCompiling "target/cljsbuild/public/js/app.js" from ["src/cljs" "src/cljc" "env/dev/cljs"]...[0m
[32mSuccessfully compiled "target/cljsbuild/public/js/app.js" in 0.586 seconds.[0m
notifying browser that file changed:  target/cljsbuild/public/js/out/engless/core.js
[0mCompiling "target/cljsbuild/public/js/app.js" from ["src/cljs" "src/cljc" "env/dev/cljs"]...[0m
[32mSuccessfully compiled "target/cljsbuild/public/js/app.js" in 0.608 seconds.[0m
notifying browser that file changed:  target/cljsbuild/public/js/out/engless/core.js
[0mCompiling "target/cljsbuild/public/js/app.js" from ["src/cljs" "src/cljc" "env/dev/cljs"]...[0m
[32mSuccessfully compiled "target/cljsbuild/public/js/app.js" in 0.551 seconds.[0m
notifying browser that file changed:  target/cljsbuild/public/js/out/engless/core.js
[0mCompiling "target/cljsbuild/public/js/app.js" from ["src/cljs" "src/cljc" "env/dev/cljs"]...[0m
[32mSuccessfully compiled "target/cljsbuild/public/js/app.js" in 0.528 seconds.[0m
notifying browser that file changed:  target/cljsbuild/public/js/out/engless/core.js
Notifying browser that CSS file changed: resources/public/css/screen.css
[0mCompiling "target/cljsbuild/public/js/app.js" from ["src/cljs" "src/cljc" "env/dev/cljs"]...[0m
[32mSuccessfully compiled "target/cljsbuild/public/js/app.js" in 0.507 seconds.[0m
notifying browser that file changed:  target/cljsbuild/public/js/out/engless/core.js
Notifying browser that CSS file changed: resources/public/css/screen.css
Notifying browser that CSS file changed: resources/public/css/screen.css
Notifying browser that CSS file changed: resources/public/css/screen.css
Notifying browser that CSS file changed: resources/public/css/screen.css
Notifying browser that CSS file changed: resources/public/css/screen.css
Notifying browser that CSS file changed: resources/public/css/screen.css
Notifying browser that CSS file changed: resources/public/css/screen.css
[0mCompiling "target/cljsbuild/public/js/app.js" from ["src/cljs" "src/cljc" "env/dev/cljs"]...[0m
[32mSuccessfully compiled "target/cljsbuild/public/js/app.js" in 0.509 seconds.[0m
notifying browser that file changed:  target/cljsbuild/public/js/out/engless/core.js
Notifying browser that CSS file changed: resources/public/css/screen.css
Notifying browser that CSS file changed: resources/public/css/screen.css
[0mCompiling "target/cljsbuild/public/js/app.js" from ["src/cljs" "src/cljc" "env/dev/cljs"]...[0m
[32mSuccessfully compiled "target/cljsbuild/public/js/app.js" in 0.471 seconds.[0m
notifying browser that file changed:  target/cljsbuild/public/js/out/engless/core.js
[0mCompiling "target/cljsbuild/public/js/app.js" from ["src/cljs" "src/cljc" "env/dev/cljs"]...[0m
[32mSuccessfully compiled "target/cljsbuild/public/js/app.js" in 0.471 seconds.[0m
notifying browser that file changed:  target/cljsbuild/public/js/out/engless/core.js
[0mCompiling "target/cljsbuild/public/js/app.js" from ["src/cljs" "src/cljc" "env/dev/cljs"]...[0m
[32mSuccessfully compiled "target/cljsbuild/public/js/app.js" in 0.557 seconds.[0m
notifying browser that file changed:  target/cljsbuild/public/js/out/engless/core.js
[0mCompiling "target/cljsbuild/public/js/app.js" from ["src/cljs" "src/cljc" "env/dev/cljs"]...[0m
[32mSuccessfully compiled "target/cljsbuild/public/js/app.js" in 0.473 seconds.[0m
notifying browser that file changed:  target/cljsbuild/public/js/out/engless/core.js
[0mCompiling "target/cljsbuild/public/js/app.js" from ["src/cljs" "src/cljc" "env/dev/cljs"]...[0m
[32mSuccessfully compiled "target/cljsbuild/public/js/app.js" in 0.468 seconds.[0m
notifying browser that file changed:  target/cljsbuild/public/js/out/engless/core.js
[0mCompiling "target/cljsbuild/public/js/app.js" from ["src/cljs" "src/cljc" "env/dev/cljs"]...[0m
[36m----  Compiler Warning on   src/cljs/engless/core.cljs   line:55  column:5  ----[0m

  [1mUse of undeclared Var engless.core/navbar[0m

  [36m51[0m  [36m  {:home #'home-page})[0m
  [36m52[0m  [36m[0m
  [36m53[0m  [36m(defn page [][0m
  [36m54[0m  [36m  [:div[0m
  [33m55[0m  [1m   [navbar][0m
  [0m  [0m  [33m    ^--- Use of undeclared Var engless.core/navbar[0m
  [36m56[0m  [36m   [(pages @(rf/subscribe [:page]))]])[0m
  [36m57[0m  [36m[0m
  [36m58[0m  [36m;; -------------------------[0m
  [36m59[0m  [36m;; Routes[0m
  [36m60[0m  [36m(secretary/set-config! :prefix "#")[0m

[36m----  Compiler Warning : Please see src/cljs/engless/core.cljs  ----[0m
[32mSuccessfully compiled "target/cljsbuild/public/js/app.js" in 0.584 seconds.[0m
notifying browser that file changed:  target/cljsbuild/public/js/out/engless/core.js
[0mCompiling "target/cljsbuild/public/js/app.js" from ["src/cljs" "src/cljc" "env/dev/cljs"]...[0m
[32mSuccessfully compiled "target/cljsbuild/public/js/app.js" in 0.448 seconds.[0m
notifying browser that file changed:  target/cljsbuild/public/js/out/engless/core.js
[0mCompiling "target/cljsbuild/public/js/app.js" from ["src/cljs" "src/cljc" "env/dev/cljs"]...[0m
[32mSuccessfully compiled "target/cljsbuild/public/js/app.js" in 0.451 seconds.[0m
notifying browser that file changed:  target/cljsbuild/public/js/out/engless/core.js
Notifying browser that CSS file changed: resources/public/css/screen.css
[0mCompiling "target/cljsbuild/public/js/app.js" from ["src/cljs" "src/cljc" "env/dev/cljs"]...[0m
[32mSuccessfully compiled "target/cljsbuild/public/js/app.js" in 0.522 seconds.[0m
notifying browser that file changed:  target/cljsbuild/public/js/out/engless/core.js
[0mCompiling "target/cljsbuild/public/js/app.js" from ["src/cljs" "src/cljc" "env/dev/cljs"]...[0m
[32mSuccessfully compiled "target/cljsbuild/public/js/app.js" in 0.473 seconds.[0m
notifying browser that file changed:  target/cljsbuild/public/js/out/engless/core.js
[0mCompiling "target/cljsbuild/public/js/app.js" from ["src/cljs" "src/cljc" "env/dev/cljs"]...[0m
[32mSuccessfully compiled "target/cljsbuild/public/js/app.js" in 0.484 seconds.[0m
notifying browser that file changed:  target/cljsbuild/public/js/out/engless/core.js
[0mCompiling "target/cljsbuild/public/js/app.js" from ["src/cljs" "src/cljc" "env/dev/cljs"]...[0m
[32mSuccessfully compiled "target/cljsbuild/public/js/app.js" in 0.462 seconds.[0m
notifying browser that file changed:  target/cljsbuild/public/js/out/engless/core.js
[0mCompiling "target/cljsbuild/public/js/app.js" from ["src/cljs" "src/cljc" "env/dev/cljs"]...[0m
[32mSuccessfully compiled "target/cljsbuild/public/js/app.js" in 0.464 seconds.[0m
notifying browser that file changed:  target/cljsbuild/public/js/out/engless/core.js
Notifying browser that CSS file changed: resources/public/css/screen.css
Notifying browser that CSS file changed: resources/public/css/screen.css
Notifying browser that CSS file changed: resources/public/css/screen.css
Notifying browser that CSS file changed: resources/public/css/screen.css
Notifying browser that CSS file changed: resources/public/css/screen.css
Notifying browser that CSS file changed: resources/public/css/screen.css
[0mCompiling "target/cljsbuild/public/js/app.js" from ["src/cljs" "src/cljc" "env/dev/cljs"]...[0m
[32mSuccessfully compiled "target/cljsbuild/public/js/app.js" in 0.462 seconds.[0m
notifying browser that file changed:  target/cljsbuild/public/js/out/engless/core.js
Notifying browser that CSS file changed: resources/public/css/screen.css
Notifying browser that CSS file changed: resources/public/css/screen.css
Notifying browser that CSS file changed: resources/public/css/screen.css
Notifying browser that CSS file changed: resources/public/css/screen.css
Notifying browser that CSS file changed: resources/public/css/screen.css
Notifying browser that CSS file changed: resources/public/css/screen.css
Notifying browser that CSS file changed: resources/public/css/screen.css
[0mCompiling "target/cljsbuild/public/js/app.js" from ["src/cljs" "src/cljc" "env/dev/cljs"]...[0m
[31mFailed to compile "target/cljsbuild/public/js/app.js" in 0.261 seconds.[0m
[36m----  Could not Analyze  src/cljs/engless/core.cljs   line:54  column:1  ----[0m

  [1mToo many arguments to def at line 54 /home/rupesh/EngLess/engless/src/cljs/engless/core.cljs[0m

  [36m52[0m  [36m    [:p.copy ""]]])[0m
  [36m53[0m  [36m[0m
  [33m54[0m  [1m(def pages[0m
  [0m  [0m  [33m^--- Too many arguments to def at line 54 /home/rupesh/EngLess/engless/src/cljs/engless/core.cljs[0m
  [36m55[0m  [36m  {:home #'home-page}[0m
  [36m56[0m  [36m  {:game #'game-page}[0m
  [36m57[0m  [36m  {:dictionary #'dictionary-page}[0m

[36m----  Analysis Error : Please see src/cljs/engless/core.cljs  ----[0m
[0mCompiling "target/cljsbuild/public/js/app.js" from ["src/cljs" "src/cljc" "env/dev/cljs"]...[0m
[31mFailed to compile "target/cljsbuild/public/js/app.js" in 0.284 seconds.[0m
[36m----  Could not Analyze  src/cljs/engless/core.cljs   line:68  column:1  ----[0m

  [1mToo many arguments to def at line 68 /home/rupesh/EngLess/engless/src/cljs/engless/core.cljs[0m

  [36m66[0m  [36m  )[0m
  [36m67[0m  [36m[0m
  [33m68[0m  [1m(def pages[0m
  [0m  [0m  [33m^--- Too many arguments to def at line 68 /home/rupesh/EngLess/engless/src/cljs/engless/core.cljs[0m
  [36m69[0m  [36m  {:home #'home-page}[0m
  [36m70[0m  [36m  {:game #'game-page}[0m
  [36m71[0m  [36m  {:dictionary #'dictionary-page}[0m

[36m----  Analysis Error : Please see src/cljs/engless/core.cljs  ----[0m
[0mCompiling "target/cljsbuild/public/js/app.js" from ["src/cljs" "src/cljc" "env/dev/cljs"]...[0m
[31mFailed to compile "target/cljsbuild/public/js/app.js" in 0.262 seconds.[0m
[36m----  Could not Analyze  src/cljs/engless/core.cljs   line:68  column:1  ----[0m

  [1mToo many arguments to def at line 68 /home/rupesh/EngLess/engless/src/cljs/engless/core.cljs[0m

  [36m66[0m  [36m  )[0m
  [36m67[0m  [36m[0m
  [33m68[0m  [1m(def pages[0m
  [0m  [0m  [33m^--- Too many arguments to def at line 68 /home/rupesh/EngLess/engless/src/cljs/engless/core.cljs[0m
  [36m69[0m  [36m  {:home #'home-page}[0m
  [36m70[0m  [36m  {:game #'game-page}[0m
  [36m71[0m  [36m  {:dictionary #'dictionary-page}[0m

[36m----  Analysis Error : Please see src/cljs/engless/core.cljs  ----[0m
[0mCompiling "target/cljsbuild/public/js/app.js" from ["src/cljs" "src/cljc" "env/dev/cljs"]...[0m
[32mSuccessfully compiled "target/cljsbuild/public/js/app.js" in 0.472 seconds.[0m
notifying browser that file changed:  target/cljsbuild/public/js/out/engless/core.js
[0mCompiling "target/cljsbuild/public/js/app.js" from ["src/cljs" "src/cljc" "env/dev/cljs"]...[0m
[32mSuccessfully compiled "target/cljsbuild/public/js/app.js" in 0.494 seconds.[0m
notifying browser that file changed:  target/cljsbuild/public/js/out/engless/core.js
[0mCompiling "target/cljsbuild/public/js/app.js" from ["src/cljs" "src/cljc" "env/dev/cljs"]...[0m
[32mSuccessfully compiled "target/cljsbuild/public/js/app.js" in 0.471 seconds.[0m
notifying browser that file changed:  target/cljsbuild/public/js/out/engless/core.js
[0mCompiling "target/cljsbuild/public/js/app.js" from ["src/cljs" "src/cljc" "env/dev/cljs"]...[0m
[32mSuccessfully compiled "target/cljsbuild/public/js/app.js" in 0.47 seconds.[0m
notifying browser that file changed:  target/cljsbuild/public/js/out/engless/core.js
[0mCompiling "target/cljsbuild/public/js/app.js" from ["src/cljs" "src/cljc" "env/dev/cljs"]...[0m
[36m----  Compiler Warning on   src/cljs/engless/core.cljs   line:20  column:31  ----[0m

  [1mUse of undeclared Var engless.core/params[0m

  [36m18[0m  [36m(defn log[0m
  [36m19[0m  [36m  [&params][0m
  [33m20[0m  [1m  (.log js/console (apply str params)))[0m
  [0m  [0m  [33m                              ^--- Use of undeclared Var engless.core/params[0m
  [36m21[0m  [36m[0m
  [36m22[0m  [36m[0m
  [36m23[0m  [36m(defn error-handler[0m
  [36m24[0m  [36m  [][0m
  [36m25[0m  [36m  (js/alert "Sorry you can not proceed :("))[0m

[36m----  Compiler Warning : Please see src/cljs/engless/core.cljs  ----[0m
[31mFailed to compile "target/cljsbuild/public/js/app.js" in 0.317 seconds.[0m
[36m----  Could not Read  src/cljs/engless/core.cljs   line:58 ----[0m

  [1m/home/rupesh/EngLess/engless/src/cljs/engless/core.cljs [line 58, col 25] The map literal starting with :response-format on line 55 column 8 contains 7 form(s). Map literals must contain an even number of forms.[0m

  [36m56[0m  [36m:keywords? true[0m
  [36m57[0m  [36m:handler #(rf/dispatch [:word-day %])[0m
  [33m58[0m  [1m:error-handler }))[0m
  [0m  [0m  [33m/home/rupesh/EngLess/engless/src/cljs/engless/core.cljs [line 58, col 25] The map literal starting with :response-format on line 55 column 8 contains 7 form(s). Map literals must contain an even number of forms.[0m

[36m----  Reader Error : Please see src/cljs/engless/core.cljs  ----[0m
[0mCompiling "target/cljsbuild/public/js/app.js" from ["src/cljs" "src/cljc" "env/dev/cljs"]...[0m
[36m----  Compiler Warning on   src/cljs/engless/core.cljs   line:25  column:31  ----[0m

  [1mUse of undeclared Var engless.core/params[0m

  [36m23[0m  [36m(defn log[0m
  [36m24[0m  [36m  [&params][0m
  [33m25[0m  [1m  (.log js/console (apply str params)))[0m
  [0m  [0m  [33m                              ^--- Use of undeclared Var engless.core/params[0m
  [36m26[0m  [36m[0m
  [36m27[0m  [36m[0m
  [36m28[0m  [36m(defn error-handler[0m
  [36m29[0m  [36m  [][0m
  [36m30[0m  [36m  (js/alert "Sorry you can not proceed :("))[0m

[36m----  Compiler Warning : Please see src/cljs/engless/core.cljs  ----[0m
[31mFailed to compile "target/cljsbuild/public/js/app.js" in 0.296 seconds.[0m
[36m----  Could not Read  src/cljs/engless/core.cljs   line:63 ----[0m

  [1m/home/rupesh/EngLess/engless/src/cljs/engless/core.cljs [line 63, col 25] The map literal starting with :response-format on line 60 column 8 contains 7 form(s). Map literals must contain an even number of forms.[0m

  [36m61[0m  [36m:keywords? true[0m
  [36m62[0m  [36m:handler #(rf/dispatch [:word-day %])[0m
  [33m63[0m  [1m:error-handler }))[0m
  [0m  [0m  [33m/home/rupesh/EngLess/engless/src/cljs/engless/core.cljs [line 63, col 25] The map literal starting with :response-format on line 60 column 8 contains 7 form(s). Map literals must contain an even number of forms.[0m

[36m----  Reader Error : Please see src/cljs/engless/core.cljs  ----[0m
[0mCompiling "target/cljsbuild/public/js/app.js" from ["src/cljs" "src/cljc" "env/dev/cljs"]...[0m
[36m----  Compiler Warning on   src/cljs/engless/core.cljs   line:25  column:31  ----[0m

  [1mUse of undeclared Var engless.core/params[0m

  [36m23[0m  [36m(defn log[0m
  [36m24[0m  [36m  [&params][0m
  [33m25[0m  [1m  (.log js/console (apply str params)))[0m
  [0m  [0m  [33m                              ^--- Use of undeclared Var engless.core/params[0m
  [36m26[0m  [36m[0m
  [36m27[0m  [36m[0m
  [36m28[0m  [36m(defn error-handler[0m
  [36m29[0m  [36m  [][0m
  [36m30[0m  [36m  (js/alert "Sorry you can not proceed :("))[0m

[36m----  Compiler Warning : Please see src/cljs/engless/core.cljs  ----[0m
[32mSuccessfully compiled "target/cljsbuild/public/js/app.js" in 0.567 seconds.[0m
notifying browser that file changed:  target/cljsbuild/public/js/out/engless/core.js
[0mCompiling "target/cljsbuild/public/js/app.js" from ["src/cljs" "src/cljc" "env/dev/cljs"]...[0m
[32mSuccessfully compiled "target/cljsbuild/public/js/app.js" in 0.527 seconds.[0m
notifying browser that file changed:  target/cljsbuild/public/js/out/engless/core.js
[0mCompiling "target/cljsbuild/public/js/app.js" from ["src/cljs" "src/cljc" "env/dev/cljs"]...[0m
[32mSuccessfully compiled "target/cljsbuild/public/js/app.js" in 0.459 seconds.[0m
notifying browser that file changed:  target/cljsbuild/public/js/out/engless/core.js
[0mCompiling "target/cljsbuild/public/js/app.js" from ["src/cljs" "src/cljc" "env/dev/cljs"]...[0m
<<<<<<< HEAD
[32mSuccessfully compiled "target/cljsbuild/public/js/app.js" in 0.699 seconds.[0m
notifying browser that file changed:  target/cljsbuild/public/js/out/goog/deps.js
notifying browser that file changed:  target/cljsbuild/public/js/out/cljs_deps.js
notifying browser that file changed:  target/cljsbuild/public/js/out/engless/core.js
[0mCompiling "target/cljsbuild/public/js/app.js" from ["src/cljs" "src/cljc" "env/dev/cljs"]...[0m
[36m----  Compiler Warning on   src/cljs/engless/core.cljs   line:71  column:4  ----[0m

  [1mUse of undeclared Var engless.core/word-of-the-day[0m

  [36m70[0m  [36m(defn home-page [][0m
  [33m71[0m  [1m  (word-of-the-day)[0m
  [0m  [0m  [33m   ^--- Use of undeclared Var engless.core/word-of-the-day[0m
  [36m72[0m  [36m  [:div[0m
  [36m73[0m  [36m   [:header[0m
  [36m74[0m  [36m    [navbar][0m
  [36m75[0m  [36m    [:div.row[0m
  [36m76[0m  [36m     [:div.logo[0m

[36m----  Compiler Warning : Please see src/cljs/engless/core.cljs  ----[0m
[32mSuccessfully compiled "target/cljsbuild/public/js/app.js" in 0.818 seconds.[0m
notifying browser that file changed:  target/cljsbuild/public/js/out/engless/core.js
[0mCompiling "target/cljsbuild/public/js/app.js" from ["src/cljs" "src/cljc" "env/dev/cljs"]...[0m
[32mSuccessfully compiled "target/cljsbuild/public/js/app.js" in 0.6 seconds.[0m
notifying browser that file changed:  target/cljsbuild/public/js/out/engless/core.js
[0mCompiling "target/cljsbuild/public/js/app.js" from ["src/cljs" "src/cljc" "env/dev/cljs"]...[0m
[32mSuccessfully compiled "target/cljsbuild/public/js/app.js" in 0.581 seconds.[0m
notifying browser that file changed:  target/cljsbuild/public/js/out/engless/core.js
[0mCompiling "target/cljsbuild/public/js/app.js" from ["src/cljs" "src/cljc" "env/dev/cljs"]...[0m
[32mSuccessfully compiled "target/cljsbuild/public/js/app.js" in 0.642 seconds.[0m
notifying browser that file changed:  target/cljsbuild/public/js/out/engless/core.js
[0mCompiling "target/cljsbuild/public/js/app.js" from ["src/cljs" "src/cljc" "env/dev/cljs"]...[0m
[32mSuccessfully compiled "target/cljsbuild/public/js/app.js" in 0.663 seconds.[0m
notifying browser that file changed:  target/cljsbuild/public/js/out/engless/core.js
[0mCompiling "target/cljsbuild/public/js/app.js" from ["src/cljs" "src/cljc" "env/dev/cljs"]...[0m
[32mSuccessfully compiled "target/cljsbuild/public/js/app.js" in 0.57 seconds.[0m
notifying browser that file changed:  target/cljsbuild/public/js/out/engless/core.js
[0mCompiling "target/cljsbuild/public/js/app.js" from ["src/cljs" "src/cljc" "env/dev/cljs"]...[0m
[32mSuccessfully compiled "target/cljsbuild/public/js/app.js" in 0.5 seconds.[0m
=======
[32mSuccessfully compiled "target/cljsbuild/public/js/app.js" in 0.477 seconds.[0m
>>>>>>> d59fecd0258e5714caa6ab03efd1032c20d9ed6a
notifying browser that file changed:  target/cljsbuild/public/js/out/engless/core.js
[0mCompiling "target/cljsbuild/public/js/app.js" from ["src/cljs" "src/cljc" "env/dev/cljs"]...[0m
[32mSuccessfully compiled "target/cljsbuild/public/js/app.js" in 0.527 seconds.[0m
notifying browser that file changed:  target/cljsbuild/public/js/out/engless/core.js
[0mCompiling "target/cljsbuild/public/js/app.js" from ["src/cljs" "src/cljc" "env/dev/cljs"]...[0m
<<<<<<< HEAD
[32mSuccessfully compiled "target/cljsbuild/public/js/app.js" in 0.52 seconds.[0m
notifying browser that file changed:  target/cljsbuild/public/js/out/engless/core.js
[0mCompiling "target/cljsbuild/public/js/app.js" from ["src/cljs" "src/cljc" "env/dev/cljs"]...[0m
[32mSuccessfully compiled "target/cljsbuild/public/js/app.js" in 0.55 seconds.[0m
notifying browser that file changed:  target/cljsbuild/public/js/out/engless/core.js
[0mCompiling "target/cljsbuild/public/js/app.js" from ["src/cljs" "src/cljc" "env/dev/cljs"]...[0m
[32mSuccessfully compiled "target/cljsbuild/public/js/app.js" in 0.503 seconds.[0m
=======
[32mSuccessfully compiled "target/cljsbuild/public/js/app.js" in 0.477 seconds.[0m
notifying browser that file changed:  target/cljsbuild/public/js/out/engless/core.js
[0mCompiling "target/cljsbuild/public/js/app.js" from ["src/cljs" "src/cljc" "env/dev/cljs"]...[0m
[32mSuccessfully compiled "target/cljsbuild/public/js/app.js" in 0.798 seconds.[0m
notifying browser that file changed:  target/cljsbuild/public/js/out/goog/deps.js
notifying browser that file changed:  target/cljsbuild/public/js/out/cljs_deps.js
>>>>>>> d59fecd0258e5714caa6ab03efd1032c20d9ed6a
notifying browser that file changed:  target/cljsbuild/public/js/out/engless/core.js
[0mCompiling "target/cljsbuild/public/js/app.js" from ["src/cljs" "src/cljc" "env/dev/cljs"]...[0m
[32mSuccessfully compiled "target/cljsbuild/public/js/app.js" in 0.726 seconds.[0m
notifying browser that file changed:  target/cljsbuild/public/js/out/goog/deps.js
notifying browser that file changed:  target/cljsbuild/public/js/out/cljs_deps.js
notifying browser that file changed:  target/cljsbuild/public/js/out/engless/core.js
[0mCompiling "target/cljsbuild/public/js/app.js" from ["src/cljs" "src/cljc" "env/dev/cljs"]...[0m
[32mSuccessfully compiled "target/cljsbuild/public/js/app.js" in 0.679 seconds.[0m
notifying browser that file changed:  target/cljsbuild/public/js/out/engless/core.js
[0mCompiling "target/cljsbuild/public/js/app.js" from ["src/cljs" "src/cljc" "env/dev/cljs"]...[0m
[32mSuccessfully compiled "target/cljsbuild/public/js/app.js" in 0.63 seconds.[0m
notifying browser that file changed:  target/cljsbuild/public/js/out/engless/core.js
[0mCompiling "target/cljsbuild/public/js/app.js" from ["src/cljs" "src/cljc" "env/dev/cljs"]...[0m
<<<<<<< Updated upstream
[32mSuccessfully compiled "target/cljsbuild/public/js/app.js" in 0.605 seconds.[0m
notifying browser that file changed:  target/cljsbuild/public/js/out/engless/core.js
[0mCompiling "target/cljsbuild/public/js/app.js" from ["src/cljs" "src/cljc" "env/dev/cljs"]...[0m
[32mSuccessfully compiled "target/cljsbuild/public/js/app.js" in 0.642 seconds.[0m
notifying browser that file changed:  target/cljsbuild/public/js/out/engless/subscriptions.js
[0mCompiling "target/cljsbuild/public/js/app.js" from ["src/cljs" "src/cljc" "env/dev/cljs"]...[0m
[32mSuccessfully compiled "target/cljsbuild/public/js/app.js" in 0.606 seconds.[0m
notifying browser that file changed:  target/cljsbuild/public/js/out/engless/core.js
[0mCompiling "target/cljsbuild/public/js/app.js" from ["src/cljs" "src/cljc" "env/dev/cljs"]...[0m
[32mSuccessfully compiled "target/cljsbuild/public/js/app.js" in 0.53 seconds.[0m
notifying browser that file changed:  target/cljsbuild/public/js/out/engless/core.js
[0mCompiling "target/cljsbuild/public/js/app.js" from ["src/cljs" "src/cljc" "env/dev/cljs"]...[0m
[32mSuccessfully compiled "target/cljsbuild/public/js/app.js" in 0.599 seconds.[0m
notifying browser that file changed:  target/cljsbuild/public/js/out/engless/core.js
[0mCompiling "target/cljsbuild/public/js/app.js" from ["src/cljs" "src/cljc" "env/dev/cljs"]...[0m
[32mSuccessfully compiled "target/cljsbuild/public/js/app.js" in 0.526 seconds.[0m
notifying browser that file changed:  target/cljsbuild/public/js/out/engless/core.js
[0mCompiling "target/cljsbuild/public/js/app.js" from ["src/cljs" "src/cljc" "env/dev/cljs"]...[0m
[32mSuccessfully compiled "target/cljsbuild/public/js/app.js" in 0.544 seconds.[0m
notifying browser that file changed:  target/cljsbuild/public/js/out/engless/core.js
[0mCompiling "target/cljsbuild/public/js/app.js" from ["src/cljs" "src/cljc" "env/dev/cljs"]...[0m
[32mSuccessfully compiled "target/cljsbuild/public/js/app.js" in 0.507 seconds.[0m
notifying browser that file changed:  target/cljsbuild/public/js/out/engless/core.js
[0mCompiling "target/cljsbuild/public/js/app.js" from ["src/cljs" "src/cljc" "env/dev/cljs"]...[0m
[32mSuccessfully compiled "target/cljsbuild/public/js/app.js" in 0.504 seconds.[0m
notifying browser that file changed:  target/cljsbuild/public/js/out/engless/core.js
[0mCompiling "target/cljsbuild/public/js/app.js" from ["src/cljs" "src/cljc" "env/dev/cljs"]...[0m
[36m----  Compiler Warning on   src/cljs/engless/core.cljs   line:79  column:17  ----[0m

  [1mUse of undeclared Var re-frame.core/subscibe[0m

  [36m75[0m  [36m [:div.logo[0m
  [36m76[0m  [36m  [:img {:src (str js/context "/img/Engless.png")}]]][0m
  [36m77[0m  [36m[:div.word-day[0m
  [36m78[0m  [36m [:h1 "WORD OF THE DAY"][0m
  [33m79[0m  [1m [sa/Card @(rf/subscibe [:word-day])[0m
  [0m  [0m  [33m            ^--- Use of undeclared Var re-frame.core/subscibe[0m
  [36m80[0m  [36m  [sa/CardMeta "sdffhksda;iofsodifjsda fsdfsdofsdfjsd fsd fsodfhsdofhsodfh sdf sdfohsdofh"]][0m
  [36m81[0m  [36m [:div.button-awesome[0m
  [36m82[0m  [36m  [:a.btn.btn-full {:href ""} "GET STARTED"]]]]])[0m

[36m----  Compiler Warning : Please see src/cljs/engless/core.cljs  ----[0m
[32mSuccessfully compiled "target/cljsbuild/public/js/app.js" in 0.56 seconds.[0m
notifying browser that file changed:  target/cljsbuild/public/js/out/engless/core.js
[0mCompiling "target/cljsbuild/public/js/app.js" from ["src/cljs" "src/cljc" "env/dev/cljs"]...[0m
[32mSuccessfully compiled "target/cljsbuild/public/js/app.js" in 0.582 seconds.[0m
notifying browser that file changed:  target/cljsbuild/public/js/out/engless/core.js
[0mCompiling "target/cljsbuild/public/js/app.js" from ["src/cljs" "src/cljc" "env/dev/cljs"]...[0m
[32mSuccessfully compiled "target/cljsbuild/public/js/app.js" in 0.514 seconds.[0m
notifying browser that file changed:  target/cljsbuild/public/js/out/engless/core.js
[0mCompiling "target/cljsbuild/public/js/app.js" from ["src/cljs" "src/cljc" "env/dev/cljs"]...[0m
[31mFailed to compile "target/cljsbuild/public/js/app.js" in 0.27 seconds.[0m
[36m----  Could not Read  src/cljs/engless/db.cljs   line:4 ----[0m

  [1m/home/bhavesh/EngLess/engless/src/cljs/engless/db.cljs [line 4, col 26] The map literal starting with :page on line 4 column 3 contains 3 form(s). Map literals must contain an even number of forms.[0m

  [36m3[0m  [36m(def default-db[0m
  [33m4[0m  [1m  {:page :home :word-day})[0m
  [0m [0m  [33m  /home/bhavesh/EngLess/engless/src/cljs/engless/db.cljs [line 4, col 26] The map literal starting with :page on line 4 column 3 contains 3 form(s). Map literals must contain an even number of forms.[0m

[36m----  Reader Error : Please see src/cljs/engless/db.cljs  ----[0m
[0mCompiling "target/cljsbuild/public/js/app.js" from ["src/cljs" "src/cljc" "env/dev/cljs"]...[0m
[32mSuccessfully compiled "target/cljsbuild/public/js/app.js" in 0.879 seconds.[0m
notifying browser that file changed:  target/cljsbuild/public/js/out/goog/deps.js
notifying browser that file changed:  target/cljsbuild/public/js/out/cljs_deps.js
notifying browser that file changed:  target/cljsbuild/public/js/out/engless/db.js
[0mCompiling "target/cljsbuild/public/js/app.js" from ["src/cljs" "src/cljc" "env/dev/cljs"]...[0m
[32mSuccessfully compiled "target/cljsbuild/public/js/app.js" in 0.94 seconds.[0m
notifying browser that file changed:  target/cljsbuild/public/js/out/engless/db.js
[0mCompiling "target/cljsbuild/public/js/app.js" from ["src/cljs" "src/cljc" "env/dev/cljs"]...[0m
[32mSuccessfully compiled "target/cljsbuild/public/js/app.js" in 0.683 seconds.[0m
notifying browser that file changed:  target/cljsbuild/public/js/out/engless/db.js
[0mCompiling "target/cljsbuild/public/js/app.js" from ["src/cljs" "src/cljc" "env/dev/cljs"]...[0m
[32mSuccessfully compiled "target/cljsbuild/public/js/app.js" in 0.723 seconds.[0m
notifying browser that file changed:  target/cljsbuild/public/js/out/engless/db.js
[0mCompiling "target/cljsbuild/public/js/app.js" from ["src/cljs" "src/cljc" "env/dev/cljs"]...[0m
[32mSuccessfully compiled "target/cljsbuild/public/js/app.js" in 0.674 seconds.[0m
notifying browser that file changed:  target/cljsbuild/public/js/out/engless/core.js
[0mCompiling "target/cljsbuild/public/js/app.js" from ["src/cljs" "src/cljc" "env/dev/cljs"]...[0m
[32mSuccessfully compiled "target/cljsbuild/public/js/app.js" in 0.607 seconds.[0m
notifying browser that file changed:  target/cljsbuild/public/js/out/engless/core.js
[0mCompiling "target/cljsbuild/public/js/app.js" from ["src/cljs" "src/cljc" "env/dev/cljs"]...[0m
[32mSuccessfully compiled "target/cljsbuild/public/js/app.js" in 0.627 seconds.[0m
notifying browser that file changed:  target/cljsbuild/public/js/out/engless/subscriptions.js
[0mCompiling "target/cljsbuild/public/js/app.js" from ["src/cljs" "src/cljc" "env/dev/cljs"]...[0m
[32mSuccessfully compiled "target/cljsbuild/public/js/app.js" in 0.626 seconds.[0m
notifying browser that file changed:  target/cljsbuild/public/js/out/engless/core.js
[0mCompiling "target/cljsbuild/public/js/app.js" from ["src/cljs" "src/cljc" "env/dev/cljs"]...[0m
[32mSuccessfully compiled "target/cljsbuild/public/js/app.js" in 0.602 seconds.[0m
notifying browser that file changed:  target/cljsbuild/public/js/out/engless/core.js
[0mCompiling "target/cljsbuild/public/js/app.js" from ["src/cljs" "src/cljc" "env/dev/cljs"]...[0m
[32mSuccessfully compiled "target/cljsbuild/public/js/app.js" in 0.534 seconds.[0m
notifying browser that file changed:  target/cljsbuild/public/js/out/engless/core.js
[0mCompiling "target/cljsbuild/public/js/app.js" from ["src/cljs" "src/cljc" "env/dev/cljs"]...[0m
[32mSuccessfully compiled "target/cljsbuild/public/js/app.js" in 0.528 seconds.[0m
notifying browser that file changed:  target/cljsbuild/public/js/out/engless/core.js
[0mCompiling "target/cljsbuild/public/js/app.js" from ["src/cljs" "src/cljc" "env/dev/cljs"]...[0m
[32mSuccessfully compiled "target/cljsbuild/public/js/app.js" in 0.59 seconds.[0m
notifying browser that file changed:  target/cljsbuild/public/js/out/engless/core.js
[0mCompiling "target/cljsbuild/public/js/app.js" from ["src/cljs" "src/cljc" "env/dev/cljs"]...[0m
[32mSuccessfully compiled "target/cljsbuild/public/js/app.js" in 0.524 seconds.[0m
notifying browser that file changed:  target/cljsbuild/public/js/out/engless/core.js
[0mCompiling "target/cljsbuild/public/js/app.js" from ["src/cljs" "src/cljc" "env/dev/cljs"]...[0m
[32mSuccessfully compiled "target/cljsbuild/public/js/app.js" in 0.567 seconds.[0m
notifying browser that file changed:  target/cljsbuild/public/js/out/engless/core.js
[0mCompiling "target/cljsbuild/public/js/app.js" from ["src/cljs" "src/cljc" "env/dev/cljs"]...[0m
[32mSuccessfully compiled "target/cljsbuild/public/js/app.js" in 0.592 seconds.[0m
notifying browser that file changed:  target/cljsbuild/public/js/out/engless/core.js
Notifying browser that CSS file changed: resources/public/css/screen.css
[0mCompiling "target/cljsbuild/public/js/app.js" from ["src/cljs" "src/cljc" "env/dev/cljs"]...[0m
[32mSuccessfully compiled "target/cljsbuild/public/js/app.js" in 0.518 seconds.[0m
notifying browser that file changed:  target/cljsbuild/public/js/out/engless/core.js
Notifying browser that CSS file changed: resources/public/css/screen.css
[0mCompiling "target/cljsbuild/public/js/app.js" from ["src/cljs" "src/cljc" "env/dev/cljs"]...[0m
[32mSuccessfully compiled "target/cljsbuild/public/js/app.js" in 0.572 seconds.[0m
notifying browser that file changed:  target/cljsbuild/public/js/out/engless/core.js
[0mCompiling "target/cljsbuild/public/js/app.js" from ["src/cljs" "src/cljc" "env/dev/cljs"]...[0m
[32mSuccessfully compiled "target/cljsbuild/public/js/app.js" in 0.518 seconds.[0m
notifying browser that file changed:  target/cljsbuild/public/js/out/engless/core.js
Notifying browser that CSS file changed: resources/public/css/screen.css
[0mCompiling "target/cljsbuild/public/js/app.js" from ["src/cljs" "src/cljc" "env/dev/cljs"]...[0m
[32mSuccessfully compiled "target/cljsbuild/public/js/app.js" in 0.958 seconds.[0m
notifying browser that file changed:  target/cljsbuild/public/js/out/goog/deps.js
notifying browser that file changed:  target/cljsbuild/public/js/out/cljs_deps.js
notifying browser that file changed:  target/cljsbuild/public/js/out/engless/core.js
[0mCompiling "target/cljsbuild/public/js/app.js" from ["src/cljs" "src/cljc" "env/dev/cljs"]...[0m
[32mSuccessfully compiled "target/cljsbuild/public/js/app.js" in 1.033 seconds.[0m
notifying browser that file changed:  target/cljsbuild/public/js/out/engless/core.js
[0mCompiling "target/cljsbuild/public/js/app.js" from ["src/cljs" "src/cljc" "env/dev/cljs"]...[0m
[32mSuccessfully compiled "target/cljsbuild/public/js/app.js" in 0.724 seconds.[0m
notifying browser that file changed:  target/cljsbuild/public/js/out/engless/core.js
[0mCompiling "target/cljsbuild/public/js/app.js" from ["src/cljs" "src/cljc" "env/dev/cljs"]...[0m
[32mSuccessfully compiled "target/cljsbuild/public/js/app.js" in 0.716 seconds.[0m
notifying browser that file changed:  target/cljsbuild/public/js/out/engless/subscriptions.js
[0mCompiling "target/cljsbuild/public/js/app.js" from ["src/cljs" "src/cljc" "env/dev/cljs"]...[0m
[32mSuccessfully compiled "target/cljsbuild/public/js/app.js" in 0.604 seconds.[0m
=======
[32mSuccessfully compiled "target/cljsbuild/public/js/app.js" in 1.007 seconds.[0m
notifying browser that file changed:  target/cljsbuild/public/js/out/goog/deps.js
notifying browser that file changed:  target/cljsbuild/public/js/out/cljs_deps.js
notifying browser that file changed:  target/cljsbuild/public/js/out/engless/core.js
[0mCompiling "target/cljsbuild/public/js/app.js" from ["src/cljs" "src/cljc" "env/dev/cljs"]...[0m
[31mFailed to compile "target/cljsbuild/public/js/app.js" in 0.438 seconds.[0m
[36m----  Could not Read  src/cljs/engless/core.cljs   line:81 ----[0m

  [1m/home/rupesh/EngLess/engless/src/cljs/engless/core.cljs [line 81, col 32] The map literal starting with :href on line 81 column 24 contains 1 form(s). Map literals must contain an even number of forms.[0m

  [36m79[0m  [36m      [sa/CardMeta "sdffhksda;iofsodifjsda fsdfsdofsdfjsd fsd fsodfhsdofhsodfh sdf sdfohsdofh"]][0m
  [36m80[0m  [36m     [:div.button-awesome[0m
  [33m81[0m  [1m      [:a.btn.btn-full {:href } "GET STARTED"]]]]])[0m
  [0m  [0m  [33m      /home/rupesh/EngLess/engless/src/cljs/engless/core.cljs [line 81, col 32] The map literal starting with :href on line 81 column 24 contains 1 form(s). Map literals must contain an even number of forms.[0m
  [36m82[0m  [36m[0m
  [36m83[0m  [36m[0m
  [36m84[0m  [36m(defn game-page[0m

[36m----  Reader Error : Please see src/cljs/engless/core.cljs  ----[0m
[0mCompiling "target/cljsbuild/public/js/app.js" from ["src/cljs" "src/cljc" "env/dev/cljs"]...[0m
[32mSuccessfully compiled "target/cljsbuild/public/js/app.js" in 0.793 seconds.[0m
notifying browser that file changed:  target/cljsbuild/public/js/out/engless/core.js
[0mCompiling "target/cljsbuild/public/js/app.js" from ["src/cljs" "src/cljc" "env/dev/cljs"]...[0m
[36m----  Compiler Warning on   src/cljs/engless/core.cljs   line:101  column:43  ----[0m

  [1mUse of undeclared Var engless.core/login-handler[0m

  [36m 97[0m  [36m                                     :password pass}[0m
  [36m 98[0m  [36m                            :format :json[0m
  [36m 99[0m  [36m                            :response-format :json[0m
  [36m100[0m  [36m                            :keywords? true[0m
  [33m101[0m  [1m                            :handler login-handler[0m
  [0m   [0m  [33m                                     ^--- Use of undeclared Var engless.core/login-handler[0m
  [36m102[0m  [36m                            :error-handler login-error})))}[0m
  [36m103[0m  [36m[:div.form-group[:input.form-control {:type "text" :id "user"}]][0m
  [36m104[0m  [36m[:div.ui.input.focus.form-group [:input {:type "text" :id "pass"}]][0m
  [36m105[0m  [36m[:div [:input.btn.btn-primary.form-control {:type "submit" :value "Login"}]]]]])[0m

[36m----  Compiler Warning : Please see src/cljs/engless/core.cljs  ----[0m
[36m----  Compiler Warning on   src/cljs/engless/core.cljs   line:102  column:49  ----[0m

  [1mUse of undeclared Var engless.core/login-error[0m

  [36m 98[0m  [36m                            :format :json[0m
  [36m 99[0m  [36m                            :response-format :json[0m
  [36m100[0m  [36m                            :keywords? true[0m
  [36m101[0m  [36m                            :handler login-handler[0m
  [33m102[0m  [1m                            :error-handler login-error})))}[0m
  [0m   [0m  [33m                                           ^--- Use of undeclared Var engless.core/login-error[0m
  [36m103[0m  [36m[:div.form-group[:input.form-control {:type "text" :id "user"}]][0m
  [36m104[0m  [36m[:div.ui.input.focus.form-group [:input {:type "text" :id "pass"}]][0m
  [36m105[0m  [36m[:div [:input.btn.btn-primary.form-control {:type "submit" :value "Login"}]]]]])[0m

[36m----  Compiler Warning : Please see src/cljs/engless/core.cljs  ----[0m
[32mSuccessfully compiled "target/cljsbuild/public/js/app.js" in 0.832 seconds.[0m
notifying browser that file changed:  target/cljsbuild/public/js/out/engless/core.js
[0mCompiling "target/cljsbuild/public/js/app.js" from ["src/cljs" "src/cljc" "env/dev/cljs"]...[0m
[36m----  Compiler Warning on   src/cljs/engless/core.cljs   line:110  column:49  ----[0m

  [1mUse of undeclared Var engless.core/login-error[0m

  [36m106[0m  [36m                            :format :json[0m
  [36m107[0m  [36m                            :response-format :json[0m
  [36m108[0m  [36m                            :keywords? true[0m
  [36m109[0m  [36m                            :handler login-handler[0m
  [33m110[0m  [1m                            :error-handler login-error})))}[0m
  [0m   [0m  [33m                                           ^--- Use of undeclared Var engless.core/login-error[0m
  [36m111[0m  [36m[:div.form-group[:input.form-control {:type "text" :id "user"}]][0m
  [36m112[0m  [36m[:div.ui.input.focus.form-group [:input {:type "text" :id "pass"}]][0m
  [36m113[0m  [36m[:div [:input.btn.btn-primary.form-control {:type "submit" :value "Login"}]]]]])[0m

[36m----  Compiler Warning : Please see src/cljs/engless/core.cljs  ----[0m
[32mSuccessfully compiled "target/cljsbuild/public/js/app.js" in 0.672 seconds.[0m
notifying browser that file changed:  target/cljsbuild/public/js/out/engless/core.js
[0mCompiling "target/cljsbuild/public/js/app.js" from ["src/cljs" "src/cljc" "env/dev/cljs"]...[0m
[32mSuccessfully compiled "target/cljsbuild/public/js/app.js" in 0.639 seconds.[0m
notifying browser that file changed:  target/cljsbuild/public/js/out/engless/core.js
[0mCompiling "target/cljsbuild/public/js/app.js" from ["src/cljs" "src/cljc" "env/dev/cljs"]...[0m
[32mSuccessfully compiled "target/cljsbuild/public/js/app.js" in 0.589 seconds.[0m
notifying browser that file changed:  target/cljsbuild/public/js/out/engless/core.js
[0mCompiling "target/cljsbuild/public/js/app.js" from ["src/cljs" "src/cljc" "env/dev/cljs"]...[0m
[32mSuccessfully compiled "target/cljsbuild/public/js/app.js" in 0.643 seconds.[0m
notifying browser that file changed:  target/cljsbuild/public/js/out/engless/core.js
[0mCompiling "target/cljsbuild/public/js/app.js" from ["src/cljs" "src/cljc" "env/dev/cljs"]...[0m
[32mSuccessfully compiled "target/cljsbuild/public/js/app.js" in 0.707 seconds.[0m
notifying browser that file changed:  target/cljsbuild/public/js/out/engless/core.js
[0mCompiling "target/cljsbuild/public/js/app.js" from ["src/cljs" "src/cljc" "env/dev/cljs"]...[0m
[32mSuccessfully compiled "target/cljsbuild/public/js/app.js" in 0.667 seconds.[0m
notifying browser that file changed:  target/cljsbuild/public/js/out/engless/core.js
[0mCompiling "target/cljsbuild/public/js/app.js" from ["src/cljs" "src/cljc" "env/dev/cljs"]...[0m
[32mSuccessfully compiled "target/cljsbuild/public/js/app.js" in 0.648 seconds.[0m
notifying browser that file changed:  target/cljsbuild/public/js/out/engless/core.js
[0mCompiling "target/cljsbuild/public/js/app.js" from ["src/cljs" "src/cljc" "env/dev/cljs"]...[0m
[32mSuccessfully compiled "target/cljsbuild/public/js/app.js" in 0.54 seconds.[0m
notifying browser that file changed:  target/cljsbuild/public/js/out/engless/core.js
[0mCompiling "target/cljsbuild/public/js/app.js" from ["src/cljs" "src/cljc" "env/dev/cljs"]...[0m
[32mSuccessfully compiled "target/cljsbuild/public/js/app.js" in 0.524 seconds.[0m
notifying browser that file changed:  target/cljsbuild/public/js/out/engless/core.js
[0mCompiling "target/cljsbuild/public/js/app.js" from ["src/cljs" "src/cljc" "env/dev/cljs"]...[0m
[32mSuccessfully compiled "target/cljsbuild/public/js/app.js" in 0.545 seconds.[0m
>>>>>>> Stashed changes
notifying browser that file changed:  target/cljsbuild/public/js/out/engless/core.js
